5.00/V5.00.013 ST
5.00/V5.00.015
5.01/V5.01
5.03/V5.03
5.21/V5.21.012
5.30/V5.30.014
5.30/V5.30.014 BS
5.30/V5.30.017 GN
5.31/V5.31.006 GN
6.01/V6.01
6.01/V6.01.004 SP27
6.01/V6.01.004 SP47.004
6.01/V6.01.090
6.01/V6.01.100
6.01/V6.01.100 SP08
6.50/V6.50
6.50/V6.50.010 SP07.007
6.60/V6.60
6.60/V6.60.002
6.60/V6.60.002 SP21.003
6.60/V6.60.003 SP12
6.60/V6.60.003 SP14
6.60/V6.60.003 SP14.002
6.60/V6.60.003 SP17
6.60/V6.60.003 SP30
6.60/V6.60.003 SP35
7.00/V7.00
7.00/V7.00.001 SP28 DEMO
7.01/V7.01
8.00/V8.00
